<?xml version="1.0" encoding="UTF-8"?>
<testsuite xmlns:xsi="http://www.w3.org/2001/XMLSchema-instance" xsi:noNamespaceSchemaLocation="https://maven.apache.org/surefire/maven-surefire-plugin/xsd/surefire-test-report.xsd" name="tests.PrimerTest" time="0.051" tests="1" errors="0" skipped="0" failures="0">
  <properties>
    <property name="sun.desktop" value="windows"/>
    <property name="awt.toolkit" value="sun.awt.windows.WToolkit"/>
    <property name="file.encoding.pkg" value="sun.io"/>
    <property name="java.specification.version" value="1.8"/>
    <property name="sun.cpu.isalist" value="pentium_pro+mmx pentium_pro pentium+mmx pentium i486 i386 i86"/>
    <property name="sun.jnu.encoding" value="Cp1252"/>
    <property name="java.class.path" value="C:\Users\mateo.castano\eclipse-workspace\versionJunit\target\test-classes;C:\Users\mateo.castano\eclipse-workspace\versionJunit\target\classes;C:\Users\mateo.castano\.m2\repository\junit\junit\4.13\junit-4.13.jar;C:\Users\mateo.castano\.m2\repository\org\hamcrest\hamcrest-core\1.3\hamcrest-core-1.3.jar;"/>
    <property name="java.vm.vendor" value="Oracle Corporation"/>
    <property name="sun.arch.data.model" value="32"/>
    <property name="user.variant" value=""/>
    <property name="java.vendor.url" value="http://java.oracle.com/"/>
    <property name="user.timezone" value="America/Bogota"/>
    <property name="user.country.format" value="CO"/>
    <property name="java.vm.specification.version" value="1.8"/>
    <property name="os.name" value="Windows 8.1"/>
    <property name="user.country" value="US"/>
    <property name="sun.java.launcher" value="SUN_STANDARD"/>
    <property name="sun.boot.library.path" value="C:\Program Files\Java\java-se-8u40-ri\jre\bin"/>
    <property name="sun.java.command" value="C:\Users\MATEO~1.CAS\AppData\Local\Temp\surefire4827436017533780503\surefirebooter5514732920368407661.jar C:\Users\mateo.castano\AppData\Local\Temp\surefire4827436017533780503 2020-01-10T17-00-12_721-jvmRun1 surefire8242811968322326603tmp surefire_04100596779756928757tmp"/>
    <property name="surefire.test.class.path" value="C:\Users\mateo.castano\eclipse-workspace\versionJunit\target\test-classes;C:\Users\mateo.castano\eclipse-workspace\versionJunit\target\classes;C:\Users\mateo.castano\.m2\repository\junit\junit\4.13\junit-4.13.jar;C:\Users\mateo.castano\.m2\repository\org\hamcrest\hamcrest-core\1.3\hamcrest-core-1.3.jar;"/>
    <property name="sun.cpu.endian" value="little"/>
    <property name="user.home" value="C:\Users\mateo.castano"/>
    <property name="user.language" value="en"/>
    <property name="java.specification.vendor" value="Oracle Corporation"/>
    <property name="java.home" value="C:\Program Files\Java\java-se-8u40-ri\jre"/>
    <property name="basedir" value="C:\Users\mateo.castano\eclipse-workspace\versionJunit"/>
    <property name="file.separator" value="\"/>
    <property name="line.separator" value="&#10;"/>
    <property name="java.vm.specification.vendor" value="Oracle Corporation"/>
    <property name="java.specification.name" value="Java Platform API Specification"/>
    <property name="java.awt.graphicsenv" value="sun.awt.Win32GraphicsEnvironment"/>
    <property name="surefire.real.class.path" value="C:\Users\MATEO~1.CAS\AppData\Local\Temp\surefire4827436017533780503\surefirebooter5514732920368407661.jar"/>
    <property name="sun.boot.class.path" value="C:\Program Files\Java\java-se-8u40-ri\jre\lib\resources.jar;C:\Program Files\Java\java-se-8u40-ri\jre\lib\rt.jar;C:\Program Files\Java\java-se-8u40-ri\jre\lib\sunrsasign.jar;C:\Program Files\Java\java-se-8u40-ri\jre\lib\jsse.jar;C:\Program Files\Java\java-se-8u40-ri\jre\lib\jce.jar;C:\Program Files\Java\java-se-8u40-ri\jre\lib\charsets.jar;C:\Program Files\Java\java-se-8u40-ri\jre\lib\jfr.jar;C:\Program Files\Java\java-se-8u40-ri\jre\classes"/>
    <property name="user.script" value=""/>
    <property name="sun.management.compiler" value="HotSpot Client Compiler"/>
    <property name="java.runtime.version" value="1.8.0_40-b25"/>
    <property name="user.name" value="mateo.castano"/>
    <property name="path.separator" value=";"/>
    <property name="os.version" value="6.3"/>
    <property name="java.endorsed.dirs" value="C:\Program Files\Java\java-se-8u40-ri\jre\lib\endorsed"/>
    <property name="java.runtime.name" value="OpenJDK Runtime Environment"/>
    <property name="file.encoding" value="Cp1252"/>
    <property name="java.vm.name" value="OpenJDK Client VM"/>
    <property name="localRepository" value="C:\Users\mateo.castano\.m2\repository"/>
    <property name="java.vendor.url.bug" value="http://bugreport.sun.com/bugreport/"/>
    <property name="java.io.tmpdir" value="C:\Users\MATEO~1.CAS\AppData\Local\Temp\"/>
    <property name="java.version" value="1.8.0_40"/>
    <property name="user.dir" value="C:\Users\mateo.castano\eclipse-workspace\versionJunit"/>
    <property name="os.arch" value="x86"/>
    <property name="java.vm.specification.name" value="Java Virtual Machine Specification"/>
    <property name="java.awt.printerjob" value="sun.awt.windows.WPrinterJob"/>
    <property name="user.language.format" value="es"/>
    <property name="sun.os.patch.level" value=""/>
    <property name="java.library.path" value="C:\Program Files\Java\java-se-8u40-ri\jre\bin;C:\windows\Sun\Java\bin;C:\windows\system32;C:\windows;C:/Program Files/Java/jdk-13.0.1/bin/server;C:/Program Files/Java/jdk-13.0.1/bin;C:\Program Files\Java\jdk-12\bin;C:\windows\system32;C:\windows;C:\windows\System32\Wbem;C:\windows\System32\WindowsPowerShell\v1.0\;C:\windows\System32\OpenSSH\;C:\Program Files\Maven\apache-maven-3.6.2\bin;C:\Program Files\Gradle\gradle-6.0\bin;C:\Program Files\nodejs\;C:\Program Files\Git\cmd;C:\Users\mateo.castano\AppData\Local\Microsoft\WindowsApps;C:\Users\mateo.castano\AppData\Local\Programs\Microsoft VS Code\bin;C:\Users\mateo.castano\AppData\Roaming\npm;C:\Users\mateo.castano\AppData\Local\GitHubDesktop\bin;C:\;;."/>
    <property name="java.vm.info" value="mixed mode"/>
    <property name="java.vendor" value="Oracle Corporation"/>
    <property name="java.vm.version" value="25.40-b25"/>
    <property name="java.ext.dirs" value="C:\Program Files\Java\java-se-8u40-ri\jre\lib\ext;C:\windows\Sun\Java\lib\ext"/>
    <property name="sun.io.unicode.encoding" value="UnicodeLittle"/>
    <property name="java.class.version" value="52.0"/>
  </properties>
  <testcase name="nombreMetodo" classname="tests.PrimerTest" time="0.005"/>
</testsuite>